TN:
SF:express-server/database/models/index.js
FN:21,(anonymous_0)
FN:29,(anonymous_1)
FN:34,(anonymous_2)
FNF:3
FNH:3
FNDA:4,(anonymous_0)
FNDA:2,(anonymous_1)
FNDA:2,(anonymous_2)
DA:3,2
DA:4,2
DA:5,2
DA:6,2
DA:7,2
DA:8,2
DA:9,2
DA:10,2
DA:13,2
DA:14,0
DA:16,2
DA:19,2
DA:22,4
DA:30,2
DA:31,2
DA:34,2
DA:35,2
DA:36,2
DA:40,2
DA:41,2
DA:44,2
LF:21
LH:20
BRDA:8,0,0,2
BRDA:8,0,1,0
BRDA:13,1,0,0
BRDA:13,1,1,2
BRDA:23,2,0,4
BRDA:23,2,1,4
BRDA:23,2,2,2
BRDA:23,2,3,2
BRDA:35,3,0,2
BRDA:35,3,1,0
BRF:10
BRH:7
end_of_record
TN:
SF:express-server/database/models/task.js
FN:5,(anonymous_0)
FN:12,(anonymous_1)
FNF:2
FNH:2
FNDA:2,(anonymous_0)
FNDA:2,(anonymous_1)
DA:4,2
DA:5,2
DA:16,2
DA:23,2
LF:4
LH:4
BRF:0
BRH:0
end_of_record
TN:
SF:express-server/src/controllers/taskController.js
FN:11,(anonymous_0)
FN:27,(anonymous_1)
FN:50,(anonymous_2)
FN:64,(anonymous_3)
FN:86,(anonymous_4)
FN:108,(anonymous_5)
FN:122,(anonymous_6)
FNF:7
FNH:7
FNDA:1,(anonymous_0)
FNDA:3,(anonymous_1)
FNDA:2,(anonymous_2)
FNDA:3,(anonymous_3)
FNDA:3,(anonymous_4)
FNDA:2,(anonymous_5)
FNDA:3,(anonymous_6)
DA:1,1
DA:2,1
DA:11,1
DA:12,1
DA:13,1
DA:14,1
DA:16,0
DA:27,1
DA:28,3
DA:29,3
DA:30,2
DA:31,1
DA:33,1
DA:35,2
DA:36,1
DA:39,1
DA:40,1
DA:50,1
DA:51,2
DA:52,2
DA:53,1
DA:55,1
DA:64,1
DA:65,3
DA:66,3
DA:67,3
DA:68,2
DA:69,1
DA:71,1
DA:73,2
DA:74,1
DA:76,1
DA:86,1
DA:87,3
DA:88,3
DA:89,3
DA:90,2
DA:91,1
DA:93,1
DA:95,2
DA:96,1
DA:98,1
DA:108,1
DA:109,2
DA:110,2
DA:111,1
DA:113,1
DA:122,1
DA:123,3
DA:124,3
DA:125,3
DA:126,2
DA:127,2
DA:128,1
DA:130,1
DA:132,2
DA:133,1
DA:135,1
DA:140,1
LF:59
LH:58
BRDA:30,0,0,1
BRDA:30,0,1,1
BRDA:35,1,0,1
BRDA:35,1,1,1
BRDA:68,2,0,1
BRDA:68,2,1,1
BRDA:73,3,0,1
BRDA:73,3,1,1
BRDA:90,4,0,1
BRDA:90,4,1,1
BRDA:95,5,0,1
BRDA:95,5,1,1
BRDA:127,6,0,1
BRDA:127,6,1,1
BRDA:132,7,0,1
BRDA:132,7,1,1
BRF:16
BRH:16
end_of_record
TN:
SF:express-server/src/middlewares/taskMiddlewares.js
FN:8,(anonymous_0)
FNF:1
FNH:1
FNDA:2,(anonymous_0)
DA:1,2
DA:2,2
DA:8,2
DA:9,2
DA:10,2
DA:13,2
DA:14,2
DA:15,2
DA:16,2
DA:18,0
DA:20,2
DA:21,2
DA:23,0
DA:28,2
LF:14
LH:12
BRDA:15,0,0,2
BRDA:15,0,1,0
BRDA:20,1,0,2
BRDA:20,1,1,0
BRF:4
BRH:2
end_of_record
TN:
SF:express-server/src/services/taskServices.js
FN:4,(anonymous_0)
FN:10,(anonymous_1)
FN:20,(anonymous_2)
FN:30,(anonymous_3)
FN:45,(anonymous_4)
FN:60,(anonymous_5)
FN:70,(anonymous_6)
FNF:7
FNH:7
FNDA:1,(anonymous_0)
FNDA:2,(anonymous_1)
FNDA:1,(anonymous_2)
FNDA:2,(anonymous_3)
FNDA:2,(anonymous_4)
FNDA:1,(anonymous_5)
FNDA:2,(anonymous_6)
DA:1,2
DA:4,2
DA:5,1
DA:6,1
DA:10,2
DA:11,2
DA:16,2
DA:20,2
DA:21,1
DA:25,1
DA:26,1
DA:30,2
DA:31,2
DA:36,2
DA:37,1
DA:39,1
DA:40,1
DA:41,1
DA:45,2
DA:46,2
DA:51,2
DA:52,1
DA:54,1
DA:55,1
DA:56,1
DA:60,2
DA:61,1
DA:66,1
DA:70,2
DA:71,2
DA:76,2
DA:77,1
DA:79,1
DA:80,1
DA:83,2
LF:35
LH:35
BRDA:36,0,0,1
BRDA:36,0,1,1
BRDA:51,1,0,1
BRDA:51,1,1,1
BRDA:76,2,0,1
BRDA:76,2,1,1
BRF:6
BRH:6
end_of_record
TN:
SF:express-server/src/utils/errors.js
FN:2,(anonymous_0)
FN:10,(anonymous_1)
FNF:2
FNH:2
FNDA:4,(anonymous_0)
FNDA:2,(anonymous_1)
DA:3,4
DA:4,4
DA:5,4
DA:11,2
DA:12,2
DA:13,2
DA:17,2
LF:7
LH:7
BRF:0
BRH:0
end_of_record
